[2019-06-27T17:01:40,587][INFO ][o.e.n.Node               ] [] initializing ...
[2019-06-27T17:01:40,697][INFO ][o.e.e.NodeEnvironment    ] [Krwb66Y] using [1] data paths, mounts [[/ (/dev/disk1s1)]], net usable_space [336.2gb], net total_space [465.6gb], spins? [unknown], types [apfs]
[2019-06-27T17:01:40,699][INFO ][o.e.e.NodeEnvironment    ] [Krwb66Y] heap size [1.9gb], compressed ordinary object pointers [true]
[2019-06-27T17:01:40,701][INFO ][o.e.n.Node               ] node name [Krwb66Y] derived from node ID [Krwb66Y4SNG_Dm8qfjwyzA]; set [node.name] to override
[2019-06-27T17:01:40,702][INFO ][o.e.n.Node               ] version[5.6.15], pid[42316], build[fe7575a/2019-02-13T16:21:45.880Z], OS[Mac OS X/10.14.5/x86_64], JVM[Oracle Corporation/Java HotSpot(TM) 64-Bit Server VM/12.0.1/12.0.1+12]
[2019-06-27T17:01:40,702][INFO ][o.e.n.Node               ] JVM arguments [-Xms2g, -Xmx2g, -XX:+UseConcMarkSweepGC, -XX:CMSInitiatingOccupancyFraction=75, -XX:+UseCMSInitiatingOccupancyOnly, -XX:+AlwaysPreTouch, -Xss1m, -Djava.awt.headless=true, -Dfile.encoding=UTF-8, -Djna.nosys=true, -Djdk.io.permissionsUseCanonicalPath=true, -Dio.netty.noUnsafe=true, -Dio.netty.noKeySetOptimization=true, -Dio.netty.recycler.maxCapacityPerThread=0, -Dlog4j.shutdownHookEnabled=false, -Dlog4j2.disable.jmx=true, -Dlog4j.skipJansi=true, -XX:+HeapDumpOnOutOfMemoryError, -Des.path.home=/Users/majeed/Desktop/workspace/EduMe/elasticsearch-5.6.15]
[2019-06-27T17:01:41,506][INFO ][o.e.p.PluginsService     ] [Krwb66Y] loaded module [aggs-matrix-stats]
[2019-06-27T17:01:41,506][INFO ][o.e.p.PluginsService     ] [Krwb66Y] loaded module [ingest-common]
[2019-06-27T17:01:41,507][INFO ][o.e.p.PluginsService     ] [Krwb66Y] loaded module [lang-expression]
[2019-06-27T17:01:41,507][INFO ][o.e.p.PluginsService     ] [Krwb66Y] loaded module [lang-groovy]
[2019-06-27T17:01:41,507][INFO ][o.e.p.PluginsService     ] [Krwb66Y] loaded module [lang-mustache]
[2019-06-27T17:01:41,508][INFO ][o.e.p.PluginsService     ] [Krwb66Y] loaded module [lang-painless]
[2019-06-27T17:01:41,508][INFO ][o.e.p.PluginsService     ] [Krwb66Y] loaded module [parent-join]
[2019-06-27T17:01:41,508][INFO ][o.e.p.PluginsService     ] [Krwb66Y] loaded module [percolator]
[2019-06-27T17:01:41,508][INFO ][o.e.p.PluginsService     ] [Krwb66Y] loaded module [reindex]
[2019-06-27T17:01:41,508][INFO ][o.e.p.PluginsService     ] [Krwb66Y] loaded module [transport-netty3]
[2019-06-27T17:01:41,508][INFO ][o.e.p.PluginsService     ] [Krwb66Y] loaded module [transport-netty4]
[2019-06-27T17:01:41,509][INFO ][o.e.p.PluginsService     ] [Krwb66Y] no plugins loaded
[2019-06-27T17:01:42,735][INFO ][o.e.d.DiscoveryModule    ] [Krwb66Y] using discovery type [zen]
[2019-06-27T17:01:43,277][INFO ][o.e.n.Node               ] initialized
[2019-06-27T17:01:43,277][INFO ][o.e.n.Node               ] [Krwb66Y] starting ...
[2019-06-27T17:01:43,472][INFO ][o.e.t.TransportService   ] [Krwb66Y] publish_address {127.0.0.1:9300}, bound_addresses {[::1]:9300}, {127.0.0.1:9300}
[2019-06-27T17:01:46,530][INFO ][o.e.c.s.ClusterService   ] [Krwb66Y] new_master {Krwb66Y}{Krwb66Y4SNG_Dm8qfjwyzA}{Qvu3pMA8QIKP3UbipOg5_g}{127.0.0.1}{127.0.0.1:9300}, reason: zen-disco-elected-as-master ([0] nodes joined)
[2019-06-27T17:01:46,574][INFO ][o.e.h.n.Netty4HttpServerTransport] [Krwb66Y] publish_address {127.0.0.1:9200}, bound_addresses {[::1]:9200}, {127.0.0.1:9200}
[2019-06-27T17:01:46,574][INFO ][o.e.n.Node               ] [Krwb66Y] started
[2019-06-27T17:01:46,590][INFO ][o.e.g.GatewayService     ] [Krwb66Y] recovered [0] indices into cluster_state
[2019-06-27T17:02:27,881][INFO ][o.e.n.Node               ] [Krwb66Y] stopping ...
[2019-06-27T17:02:27,904][INFO ][o.e.n.Node               ] [Krwb66Y] stopped
[2019-06-27T17:02:27,905][INFO ][o.e.n.Node               ] [Krwb66Y] closing ...
[2019-06-27T17:02:27,915][INFO ][o.e.n.Node               ] [Krwb66Y] closed
[2019-06-27T17:04:07,204][INFO ][o.e.n.Node               ] [] initializing ...
[2019-06-27T17:04:07,275][INFO ][o.e.e.NodeEnvironment    ] [Krwb66Y] using [1] data paths, mounts [[/ (/dev/disk1s1)]], net usable_space [336.2gb], net total_space [465.6gb], spins? [unknown], types [apfs]
[2019-06-27T17:04:07,275][INFO ][o.e.e.NodeEnvironment    ] [Krwb66Y] heap size [1.9gb], compressed ordinary object pointers [true]
[2019-06-27T17:04:07,277][INFO ][o.e.n.Node               ] node name [Krwb66Y] derived from node ID [Krwb66Y4SNG_Dm8qfjwyzA]; set [node.name] to override
[2019-06-27T17:04:07,278][INFO ][o.e.n.Node               ] version[5.6.15], pid[42427], build[fe7575a/2019-02-13T16:21:45.880Z], OS[Mac OS X/10.14.5/x86_64], JVM[Oracle Corporation/Java HotSpot(TM) 64-Bit Server VM/12.0.1/12.0.1+12]
[2019-06-27T17:04:07,278][INFO ][o.e.n.Node               ] JVM arguments [-Xms2g, -Xmx2g, -XX:+UseConcMarkSweepGC, -XX:CMSInitiatingOccupancyFraction=75, -XX:+UseCMSInitiatingOccupancyOnly, -XX:+AlwaysPreTouch, -Xss1m, -Djava.awt.headless=true, -Dfile.encoding=UTF-8, -Djna.nosys=true, -Djdk.io.permissionsUseCanonicalPath=true, -Dio.netty.noUnsafe=true, -Dio.netty.noKeySetOptimization=true, -Dio.netty.recycler.maxCapacityPerThread=0, -Dlog4j.shutdownHookEnabled=false, -Dlog4j2.disable.jmx=true, -Dlog4j.skipJansi=true, -XX:+HeapDumpOnOutOfMemoryError, -Des.path.home=/Users/majeed/Desktop/workspace/EduMe/elasticsearch-5.6.15]
[2019-06-27T17:04:08,346][INFO ][o.e.p.PluginsService     ] [Krwb66Y] loaded module [aggs-matrix-stats]
[2019-06-27T17:04:08,346][INFO ][o.e.p.PluginsService     ] [Krwb66Y] loaded module [ingest-common]
[2019-06-27T17:04:08,346][INFO ][o.e.p.PluginsService     ] [Krwb66Y] loaded module [lang-expression]
[2019-06-27T17:04:08,346][INFO ][o.e.p.PluginsService     ] [Krwb66Y] loaded module [lang-groovy]
[2019-06-27T17:04:08,346][INFO ][o.e.p.PluginsService     ] [Krwb66Y] loaded module [lang-mustache]
[2019-06-27T17:04:08,346][INFO ][o.e.p.PluginsService     ] [Krwb66Y] loaded module [lang-painless]
[2019-06-27T17:04:08,347][INFO ][o.e.p.PluginsService     ] [Krwb66Y] loaded module [parent-join]
[2019-06-27T17:04:08,347][INFO ][o.e.p.PluginsService     ] [Krwb66Y] loaded module [percolator]
[2019-06-27T17:04:08,347][INFO ][o.e.p.PluginsService     ] [Krwb66Y] loaded module [reindex]
[2019-06-27T17:04:08,347][INFO ][o.e.p.PluginsService     ] [Krwb66Y] loaded module [transport-netty3]
[2019-06-27T17:04:08,347][INFO ][o.e.p.PluginsService     ] [Krwb66Y] loaded module [transport-netty4]
[2019-06-27T17:04:08,348][INFO ][o.e.p.PluginsService     ] [Krwb66Y] no plugins loaded
[2019-06-27T17:04:09,582][INFO ][o.e.d.DiscoveryModule    ] [Krwb66Y] using discovery type [zen]
[2019-06-27T17:04:10,021][INFO ][o.e.n.Node               ] initialized
[2019-06-27T17:04:10,021][INFO ][o.e.n.Node               ] [Krwb66Y] starting ...
[2019-06-27T17:04:10,164][INFO ][o.e.t.TransportService   ] [Krwb66Y] publish_address {127.0.0.1:9300}, bound_addresses {[::1]:9300}, {127.0.0.1:9300}
[2019-06-27T17:04:13,214][INFO ][o.e.c.s.ClusterService   ] [Krwb66Y] new_master {Krwb66Y}{Krwb66Y4SNG_Dm8qfjwyzA}{rQd4zChtRpeD83AAmFaZvA}{127.0.0.1}{127.0.0.1:9300}, reason: zen-disco-elected-as-master ([0] nodes joined)
[2019-06-27T17:04:13,233][INFO ][o.e.h.n.Netty4HttpServerTransport] [Krwb66Y] publish_address {127.0.0.1:9200}, bound_addresses {[::1]:9200}, {127.0.0.1:9200}
[2019-06-27T17:04:13,234][INFO ][o.e.n.Node               ] [Krwb66Y] started
[2019-06-27T17:04:13,248][INFO ][o.e.g.GatewayService     ] [Krwb66Y] recovered [0] indices into cluster_state
[2019-06-27T17:05:56,116][INFO ][o.e.c.m.MetaDataCreateIndexService] [Krwb66Y] [courses] creating index, cause [api], templates [], shards [1]/[0], mappings [course_document]
[2019-06-27T17:05:56,244][INFO ][o.e.c.r.a.AllocationService] [Krwb66Y] Cluster health status changed from [YELLOW] to [GREEN] (reason: [shards started [[courses][0]] ...]).
[2019-06-27T18:23:12,210][INFO ][o.e.n.Node               ] [Krwb66Y] stopping ...
[2019-06-27T18:23:12,238][INFO ][o.e.n.Node               ] [Krwb66Y] stopped
[2019-06-27T18:23:12,239][INFO ][o.e.n.Node               ] [Krwb66Y] closing ...
[2019-06-27T18:23:12,248][INFO ][o.e.n.Node               ] [Krwb66Y] closed
[2019-06-27T18:29:29,565][INFO ][o.e.n.Node               ] [] initializing ...
[2019-06-27T18:29:29,642][INFO ][o.e.e.NodeEnvironment    ] [Krwb66Y] using [1] data paths, mounts [[/ (/dev/disk1s1)]], net usable_space [336.2gb], net total_space [465.6gb], spins? [unknown], types [apfs]
[2019-06-27T18:29:29,643][INFO ][o.e.e.NodeEnvironment    ] [Krwb66Y] heap size [1.9gb], compressed ordinary object pointers [true]
[2019-06-27T18:29:29,656][INFO ][o.e.n.Node               ] node name [Krwb66Y] derived from node ID [Krwb66Y4SNG_Dm8qfjwyzA]; set [node.name] to override
[2019-06-27T18:29:29,657][INFO ][o.e.n.Node               ] version[5.6.15], pid[43197], build[fe7575a/2019-02-13T16:21:45.880Z], OS[Mac OS X/10.14.5/x86_64], JVM[Oracle Corporation/Java HotSpot(TM) 64-Bit Server VM/12.0.1/12.0.1+12]
[2019-06-27T18:29:29,658][INFO ][o.e.n.Node               ] JVM arguments [-Xms2g, -Xmx2g, -XX:+UseConcMarkSweepGC, -XX:CMSInitiatingOccupancyFraction=75, -XX:+UseCMSInitiatingOccupancyOnly, -XX:+AlwaysPreTouch, -Xss1m, -Djava.awt.headless=true, -Dfile.encoding=UTF-8, -Djna.nosys=true, -Djdk.io.permissionsUseCanonicalPath=true, -Dio.netty.noUnsafe=true, -Dio.netty.noKeySetOptimization=true, -Dio.netty.recycler.maxCapacityPerThread=0, -Dlog4j.shutdownHookEnabled=false, -Dlog4j2.disable.jmx=true, -Dlog4j.skipJansi=true, -XX:+HeapDumpOnOutOfMemoryError, -Des.path.home=/Users/majeed/Desktop/workspace/EduMe/elasticsearch-5.6.15]
[2019-06-27T18:29:30,407][INFO ][o.e.p.PluginsService     ] [Krwb66Y] loaded module [aggs-matrix-stats]
[2019-06-27T18:29:30,408][INFO ][o.e.p.PluginsService     ] [Krwb66Y] loaded module [ingest-common]
[2019-06-27T18:29:30,408][INFO ][o.e.p.PluginsService     ] [Krwb66Y] loaded module [lang-expression]
[2019-06-27T18:29:30,408][INFO ][o.e.p.PluginsService     ] [Krwb66Y] loaded module [lang-groovy]
[2019-06-27T18:29:30,411][INFO ][o.e.p.PluginsService     ] [Krwb66Y] loaded module [lang-mustache]
[2019-06-27T18:29:30,411][INFO ][o.e.p.PluginsService     ] [Krwb66Y] loaded module [lang-painless]
[2019-06-27T18:29:30,411][INFO ][o.e.p.PluginsService     ] [Krwb66Y] loaded module [parent-join]
[2019-06-27T18:29:30,411][INFO ][o.e.p.PluginsService     ] [Krwb66Y] loaded module [percolator]
[2019-06-27T18:29:30,412][INFO ][o.e.p.PluginsService     ] [Krwb66Y] loaded module [reindex]
[2019-06-27T18:29:30,412][INFO ][o.e.p.PluginsService     ] [Krwb66Y] loaded module [transport-netty3]
[2019-06-27T18:29:30,412][INFO ][o.e.p.PluginsService     ] [Krwb66Y] loaded module [transport-netty4]
[2019-06-27T18:29:30,412][INFO ][o.e.p.PluginsService     ] [Krwb66Y] no plugins loaded
[2019-06-27T18:29:31,640][INFO ][o.e.d.DiscoveryModule    ] [Krwb66Y] using discovery type [zen]
[2019-06-27T18:29:32,111][INFO ][o.e.n.Node               ] initialized
[2019-06-27T18:29:32,111][INFO ][o.e.n.Node               ] [Krwb66Y] starting ...
[2019-06-27T18:29:32,276][INFO ][o.e.t.TransportService   ] [Krwb66Y] publish_address {127.0.0.1:9300}, bound_addresses {[::1]:9300}, {127.0.0.1:9300}
[2019-06-27T18:29:35,346][INFO ][o.e.c.s.ClusterService   ] [Krwb66Y] new_master {Krwb66Y}{Krwb66Y4SNG_Dm8qfjwyzA}{CWnVkPI3R-6WC74P3sJ37A}{127.0.0.1}{127.0.0.1:9300}, reason: zen-disco-elected-as-master ([0] nodes joined)
[2019-06-27T18:29:35,376][INFO ][o.e.h.n.Netty4HttpServerTransport] [Krwb66Y] publish_address {127.0.0.1:9200}, bound_addresses {[::1]:9200}, {127.0.0.1:9200}
[2019-06-27T18:29:35,377][INFO ][o.e.n.Node               ] [Krwb66Y] started
[2019-06-27T18:29:35,546][INFO ][o.e.g.GatewayService     ] [Krwb66Y] recovered [1] indices into cluster_state
[2019-06-27T18:29:35,853][INFO ][o.e.c.r.a.AllocationService] [Krwb66Y] Cluster health status changed from [RED] to [GREEN] (reason: [shards started [[courses][0]] ...]).
[2019-06-27T18:29:51,016][INFO ][o.e.c.m.MetaDataDeleteIndexService] [Krwb66Y] [courses/ivc4efSrQM-SLd8Xdc2MbA] deleting index
[2019-06-27T18:29:51,126][INFO ][o.e.c.m.MetaDataCreateIndexService] [Krwb66Y] [courses] creating index, cause [api], templates [], shards [1]/[0], mappings [course_document]
[2019-06-27T18:29:51,178][INFO ][o.e.c.r.a.AllocationService] [Krwb66Y] Cluster health status changed from [YELLOW] to [GREEN] (reason: [shards started [[courses][0]] ...]).
